[2025-12-27 20:13:03] Подружка 😭 | 18.99 MB | Длительность: 00:21:01
[2025-12-27 20:25:04] Кирилл Комбо | 175.07 MB | Длительность: 00:30:01
[2025-12-27 20:49:05] Ангелина | 44.07 MB | Длительность: 00:15:00
[2025-12-27 20:58:06] Кирилл Комбо | 0.06 MB | Длительность: 00:06:00
[2025-12-27 20:43:05] Иван | 20.21 MB | Длительность: 00:30:01
[2025-12-27 21:07:06] Кирилл Комбо | 1.09 MB | Длительность: 00:09:00
[2025-12-27 21:19:07] Кирилл Комбо | 0.06 MB | Длительность: 00:09:00
[2025-12-27 21:31:07] Кирилл Комбо | 0.33 MB | Длительность: 00:12:00
[2025-12-27 21:13:06] Аня ❤️ | 557.90 MB | Длительность: 00:36:01
[2025-12-27 21:22:07] Иван | 304.09 MB | Длительность: 00:33:02
[2025-12-27 21:46:08] Кирилл Комбо | 1.42 MB | Длительность: 00:18:02
[2025-12-27 22:10:11] Иван | 2.59 MB | Длительность: 00:15:00
[2025-12-27 21:07:06] Максим | 249.90 MB | Длительность: 01:24:05
[2025-12-27 23:34:14] Иван | 19.88 MB | Длительность: 00:36:00
[2025-12-27 20:37:04] Подружка 😭 | 1.19 GB | Длительность: 04:00:10
[2025-12-28 00:40:16] Подружка 😭 | 0.42 MB | Длительность: 00:09:00
[2025-12-28 01:10:17] Подружка 😭 | 0.11 MB | Длительность: 00:06:00
[2025-12-28 01:25:17] Подружка 😭 | 0.02 MB | Длительность: 00:09:00
[2025-12-27 22:07:10] Кирилл Комбо | 373.10 MB | Длительность: 03:33:07
[2025-12-28 01:37:17] Подружка 😭 | 0.02 MB | Длительность: 00:09:00
[2025-12-28 01:49:18] Кирилл Комбо | 72.39 MB | Длительность: 00:21:00
[2025-12-28 02:31:19] Подружка 😭 | 0.00 MB | Длительность: 00:06:00
[2025-12-28 02:40:19] Подружка 😭 | 0.14 MB | Длительность: 00:06:00
[2025-12-28 03:07:20] Подружка 😭 | 0.17 MB | Длительность: 00:09:00
[2025-12-27 22:07:10] Арсений | 1.53 GB | Длительность: 05:09:09
[2025-12-28 03:25:20] Подружка 😭 | 0.07 MB | Длительность: 00:12:00
[2025-12-28 03:40:21] Подружка 😭 | 0.38 MB | Длительность: 00:09:00
[2025-12-28 03:52:22] Подружка 😭 | 0.04 MB | Длительность: 00:06:00
[2025-12-28 04:01:22] Подружка 😭 | 0.34 MB | Длительность: 00:06:00
[2025-12-28 04:16:22] Подружка 😭 | 0.21 MB | Длительность: 00:06:00
[2025-12-27 20:13:03] Дима | 729.28 MB | Длительность: 08:15:19
[2025-12-28 04:31:23] Подружка 😭 | 0.36 MB | Длительность: 00:12:00
[2025-12-28 05:04:23] Подружка 😭 | 0.22 MB | Длительность: 00:09:00
[2025-12-28 05:31:24] Арсений | 112.76 MB | Длительность: 01:18:02
[2025-12-28 04:55:23] Дима | 233.12 MB | Длительность: 02:33:04
[2025-12-28 06:49:26] Кирилл | 28.84 MB | Длительность: 00:42:01
[2025-12-28 05:25:24] Ангелина | 305.03 MB | Длительность: 02:09:04
[2025-12-28 07:49:29] Кирилл Комбо | 0.84 MB | Длительность: 00:06:00
[2025-12-28 08:43:31] Иван | 0.05 MB | Длительность: 00:06:00
[2025-12-28 08:55:31] Ангелина | 0.17 MB | Длительность: 00:06:00
[2025-12-28 07:31:28] Дима | 2.47 MB | Длительность: 02:57:07
[2025-12-28 10:31:35] Дима | 0.02 MB | Длительность: 00:12:00
[2025-12-28 10:58:36] Аня ❤️ | 35.49 MB | Длительность: 00:06:00
[2025-12-28 10:40:36] Кирилл Комбо | 29.36 MB | Длительность: 01:24:03
[2025-12-28 17:34:05] Кирилл Комбо | 0.53 MB | Длительность: 00:09:00
[2025-12-28 17:54:42] Кирилл Комбо | 30.35 MB | Длительность: 00:18:01
[2025-12-28 17:54:42] Подружка 😭 | 94.57 MB | Длительность: 00:36:02
[2025-12-28 18:15:43] Кирилл Комбо | 0.29 MB | Длительность: 00:15:00
[2025-12-28 18:33:45] Кирилл Комбо | 1.09 MB | Длительность: 00:33:01
[2025-12-28 19:09:47] Кирилл Комбо | 0.14 MB | Длительность: 00:09:00
[2025-12-28 19:00:46] Аня ❤️ | 312.50 MB | Длительность: 00:21:01
[2025-12-28 19:21:47] Кирилл Комбо | 0.01 MB | Длительность: 00:09:00
[2025-12-28 19:48:48] Аня ❤️ | 436.40 MB | Длительность: 00:21:01
[2025-12-28 18:00:42] Ангелина | 3.55 GB | Длительность: 02:51:09
[2025-12-28 20:54:52] Аня ❤️ | 62.92 MB | Длительность: 00:06:00
[2025-12-28 18:18:43] Арсений | 59.66 MB | Длительность: 02:48:09
[2025-12-28 21:21:54] Аня ❤️ | 408.57 MB | Длительность: 00:27:01
[2025-12-28 18:24:44] Дима | 174.67 MB | Длительность: 03:36:11
[2025-12-28 17:54:42] Максим | 6.08 GB | Длительность: 04:09:13
[2025-12-28 17:54:42] Мама | 2.65 GB | Длительность: 04:15:14
[2025-12-28 21:09:53] Кирилл Комбо | 310.01 MB | Длительность: 01:09:03
[2025-12-28 22:06:56] Максим | 0.29 MB | Длительность: 00:15:01
[2025-12-28 21:54:55] Иван | 10.88 MB | Длительность: 00:39:02
[2025-12-28 22:24:57] Максим | 0.10 MB | Длительность: 00:12:00
[2025-12-28 22:39:57] Максим | 0.08 MB | Длительность: 00:09:00
[2025-12-28 22:51:58] Максим | 0.85 MB | Длительность: 00:12:00
[2025-12-28 22:51:58] Аня ❤️ | 197.37 MB | Длительность: 00:15:00
[2025-12-28 18:51:45] Подружка 😭 | 2.09 GB | Длительность: 04:21:13
[2025-12-28 23:15:59] Подружка 😭 | 1.43 MB | Длительность: 00:15:00
[2025-12-28 23:40:00] Подружка 😭 | 0.14 MB | Длительность: 00:06:00
[2025-12-28 23:21:59] Арсений | 247.42 MB | Длительность: 01:54:03
[2025-12-28 23:49:00] Подружка 😭 | 1.11 GB | Длительность: 02:18:03
[2025-12-29 00:34:01] Дима | 859.25 MB | Длительность: 04:21:07
[2025-12-29 05:58:11] Кирилл Комбо | 0.14 MB | Длительность: 00:06:00
[2025-12-29 06:16:11] Аня ❤️ | 1.63 MB | Длительность: 00:09:00
[2025-12-29 06:01:11] Ангелина | 1.66 MB | Длительность: 00:42:01
[2025-12-29 06:13:11] Максим | 9.48 MB | Длительность: 00:54:02
[2025-12-29 07:37:15] Кирилл Комбо | 2.50 MB | Длительность: 00:18:00
[2025-12-29 07:52:15] Максим | 28.78 MB | Длительность: 00:33:01
[2025-12-29 07:58:16] Кирилл Комбо | 8.48 MB | Длительность: 00:30:01
[2025-12-29 08:01:16] Иван | 32.65 MB | Длительность: 00:30:01
[2025-12-29 08:28:17] Ангелина | 15.96 MB | Длительность: 00:06:00
[2025-12-29 08:31:17] Кирилл Комбо | 1.49 MB | Длительность: 00:18:01
[2025-12-29 08:58:19] Кирилл Комбо | 44.78 MB | Длительность: 00:24:01
[2025-12-29 09:41:59] Мама | 0.00 MB | Длительность: 00:00:20
[2025-12-29 09:42:30] Мама | 1.18 MB | Длительность: 00:00:40
[2025-12-29 09:43:40] Кирилл Комбо | 0.00 MB | Длительность: 00:00:20
[2025-12-29 09:44:00] Ангелина | 0.00 MB | Длительность: 00:00:20
[2025-12-29 09:43:20] Мама | 0.26 MB | Длительность: 00:01:00
[2025-12-29 09:44:31] Ангелина | 0.00 MB | Длительность: 00:00:20
[2025-12-29 09:45:41] Ангелина | 0.00 MB | Длительность: 00:00:30
[2025-12-29 09:46:21] Ангелина | 0.05 MB | Длительность: 00:00:40
[2025-12-29 09:48:06] Ангелина | 0.00 MB | Длительность: 00:00:20
